<?xml version="1.0" encoding="UTF-8" ?>
<testsuite tests="1" failures="1" name="org.camunda.bpm.spring.boot.example.web.CamundaBpmRestTest" time="1.542" errors="0" skipped="0">
  <properties>
[...]
</properties>
  <testcase classname="org.camunda.bpm.spring.boot.example.web.CamundaBpmRestTest" name="processDefinitionTest" time="1.542">
    <failure message="expected:&lt;[Sample]&gt; but was:&lt;[RestCallExampleProcess]&gt;" type="org.junit.ComparisonFailure">org.junit.ComparisonFailure: expected:&lt;[Sample]&gt; but was:&lt;[RestCallExampleProcess]&gt;
	at org.junit.Assert.assertEquals(Assert.java:117)
	at org.junit.Assert.assertEquals(Assert.java:146)
	at org.camunda.bpm.spring.boot.example.web.CamundaBpmRestTest.processDefinitionTest(CamundaBpmRestTest.java:59)
	at sun.reflect.NativeMethodAccessorImpl.invoke0(Native Method)
	at sun.reflect.NativeMethodAccessorImpl.invoke(NativeMethodAccessorImpl.java:62)
	at sun.reflect.DelegatingMethodAccessorImpl.invoke(DelegatingMethodAccessorImpl.java:43)
	at java.lang.reflect.Method.invoke(Method.java:498)
	at org.junit.runners.model.FrameworkMethod$1.runReflectiveCall(FrameworkMethod.java:59)
	at org.junit.internal.runners.model.ReflectiveCallable.run(ReflectiveCallable.java:12)
	at org.junit.runners.model.FrameworkMethod.invokeExplosively(FrameworkMethod.java:56)
	at org.junit.internal.runners.statements.InvokeMethod.evaluate(InvokeMethod.java:17)
	at org.springframework.test.context.junit4.statements.RunBeforeTestExecutionCallbacks.evaluate(RunBeforeTestExecutionCallbacks.java:74)
	at org.springframework.test.context.junit4.statements.RunAfterTestExecutionCallbacks.evaluate(RunAfterTestExecutionCallbacks.java:84)
	at org.springframework.test.context.junit4.statements.RunBeforeTestMethodCallbacks.evaluate(RunBeforeTestMethodCallbacks.java:75)
	at org.springframework.test.context.junit4.statements.RunAfterTestMethodCallbacks.evaluate(RunAfterTestMethodCallbacks.java:86)
	at org.springframework.test.context.junit4.statements.SpringRepeat.evaluate(SpringRepeat.java:84)
	at org.junit.runners.ParentRunner.runLeaf(ParentRunner.java:366)
	at org.springframework.test.context.junit4.SpringJUnit4ClassRunner.runChild(SpringJUnit4ClassRunner.java:251)
	at org.springframework.test.context.junit4.SpringJUnit4ClassRunner.runChild(SpringJUnit4ClassRunner.java:97)
	at org.junit.runners.ParentRunner$4.run(ParentRunner.java:331)
	at org.junit.runners.ParentRunner$1.schedule(ParentRunner.java:79)
	at org.junit.runners.ParentRunner.runChildren(ParentRunner.java:329)
	at org.junit.runners.ParentRunner.access$100(ParentRunner.java:66)
	at org.junit.runners.ParentRunner$2.evaluate(ParentRunner.java:293)
	at org.springframework.test.context.junit4.statements.RunBeforeTestClassCallbacks.evaluate(RunBeforeTestClassCallbacks.java:61)
	at org.springframework.test.context.junit4.statements.RunAfterTestClassCallbacks.evaluate(RunAfterTestClassCallbacks.java:70)
	at org.junit.runners.ParentRunner$3.evaluate(ParentRunner.java:306)
	at org.junit.runners.ParentRunner.run(ParentRunner.java:413)
	at org.springframework.test.context.junit4.SpringJUnit4ClassRunner.run(SpringJUnit4ClassRunner.java:190)
	at org.apache.maven.surefire.junit4.JUnit4Provider.execute(JUnit4Provider.java:252)
	at org.apache.maven.surefire.junit4.JUnit4Provider.executeTestSet(JUnit4Provider.java:141)
	at org.apache.maven.surefire.junit4.JUnit4Provider.invoke(JUnit4Provider.java:112)
	at sun.reflect.NativeMethodAccessorImpl.invoke0(Native Method)
	at sun.reflect.NativeMethodAccessorImpl.invoke(NativeMethodAccessorImpl.java:62)
	at sun.reflect.DelegatingMethodAccessorImpl.invoke(DelegatingMethodAccessorImpl.java:43)
	at java.lang.reflect.Method.invoke(Method.java:498)
	at org.apache.maven.surefire.util.ReflectionUtils.invokeMethodWithArray(ReflectionUtils.java:189)
	at org.apache.maven.surefire.booter.ProviderFactory$ProviderProxy.invoke(ProviderFactory.java:165)
	at org.apache.maven.surefire.booter.ProviderFactory.invokeProvider(ProviderFactory.java:85)
	at org.apache.maven.surefire.booter.ForkedBooter.runSuitesInProcess(ForkedBooter.java:115)
	at org.apache.maven.surefire.booter.ForkedBooter.main(ForkedBooter.java:75)
</failure>
    <system-out>2021-06-30 10:28:39.070  INFO   --- [           main] .b.t.c.SpringBootTestContextBootstrapper : Neither @ContextConfiguration nor @ContextHierarchy found for test class [org.camunda.bpm.spring.boot.example.web.CamundaBpmRestTest], using SpringBootContextLoader
2021-06-30 10:28:39.077  INFO   --- [           main] o.s.t.c.support.AbstractContextLoader    : Could not detect default resource locations for test class [org.camunda.bpm.spring.boot.example.web.CamundaBpmRestTest]: no resource found for suffixes {-context.xml, Context.groovy}.
2021-06-30 10:28:39.302  INFO   --- [           main] .b.t.c.SpringBootTestContextBootstrapper : Loaded default TestExecutionListener class names from location [META-INF/spring.factories]: [org.springframework.boot.test.mock.mockito.MockitoTestExecutionListener, org.springframework.boot.test.mock.mockito.ResetMocksTestExecutionListener, org.springframework.boot.test.autoconfigure.restdocs.RestDocsTestExecutionListener, org.springframework.boot.test.autoconfigure.web.client.MockRestServiceServerResetTestExecutionListener, org.springframework.boot.test.autoconfigure.web.servlet.MockMvcPrintOnlyOnFailureTestExecutionListener, org.springframework.boot.test.autoconfigure.web.servlet.WebDriverTestExecutionListener, org.springframework.boot.test.autoconfigure.webservices.client.MockWebServiceServerTestExecutionListener, org.springframework.test.context.web.ServletTestExecutionListener, org.springframework.test.context.support.DirtiesContextBeforeModesTestExecutionListener, org.springframework.test.context.event.ApplicationEventsTestExecutionListener, org.springframework.test.context.support.DependencyInjectionTestExecutionListener, org.springframework.test.context.support.DirtiesContextTestExecutionListener, org.springframework.test.context.transaction.TransactionalTestExecutionListener, org.springframework.test.context.jdbc.SqlScriptsTestExecutionListener, org.springframework.test.context.event.EventPublishingTestExecutionListener]
2021-06-30 10:28:39.325  INFO   --- [           main] .b.t.c.SpringBootTestContextBootstrapper : Using TestExecutionListeners: [org.springframework.test.context.web.ServletTestExecutionListener@76a4ebf2, org.springframework.test.context.support.DirtiesContextBeforeModesTestExecutionListener@2e8c1c9b, org.springframework.test.context.event.ApplicationEventsTestExecutionListener@53fe15ff, org.springframework.boot.test.mock.mockito.MockitoTestExecutionListener@449a4f23, org.springframework.boot.test.autoconfigure.SpringBootDependencyInjectionTestExecutionListener@1530c739, org.springframework.test.context.support.DirtiesContextTestExecutionListener@5b1669c0, org.springframework.test.context.transaction.TransactionalTestExecutionListener@78e4deb0, org.springframework.test.context.jdbc.SqlScriptsTestExecutionListener@6e9175d8, org.springframework.test.context.event.EventPublishingTestExecutionListener@7d0b7e3c, org.springframework.boot.test.mock.mockito.ResetMocksTestExecutionListener@15bb5034, org.springframework.boot.test.autoconfigure.restdocs.RestDocsTestExecutionListener@4b741d6d, org.springframework.boot.test.autoconfigure.web.client.MockRestServiceServerResetTestExecutionListener@2eae8e6e, org.springframework.boot.test.autoconfigure.web.servlet.MockMvcPrintOnlyOnFailureTestExecutionListener@8f2ef19, org.springframework.boot.test.autoconfigure.web.servlet.WebDriverTestExecutionListener@470734c3, org.springframework.boot.test.autoconfigure.webservices.client.MockWebServiceServerTestExecutionListener@2cf3d63b]

 ____                                 _         ____  _       _    __                      
/ ___| __ _ _ __ ___  _   _ _ __   __| | __ _  |  _ \| | __ _| |_ / _| ___  _ __ _ __ ___  
| |   / _` | &apos;_ ` _ \| | | | &apos;_ \ / _` |/ _` | | |_) | |/ _` | __| |_ / _ \| &apos;__| &apos;_ ` _ \ 
| |__| (_| | | | | | | |_| | | | | (_| | (_| | |  __/| | (_| | |_|  _| (_) | |  | | | | | |
\____/\__,_|_| |_| |_|\__,_|_| |_|\__,_|\__,_| |_|   |_|\__,_|\__|_|  \___/|_|  |_| |_| |_|

  Spring-Boot:  (v2.4.4)
  Camunda Platform: (v7.15.0)
  Camunda Platform Spring Boot Starter: (v7.15.0)

2021-06-30 10:28:39.894  INFO 52622 --- [           main] o.c.b.s.b.e.web.CamundaBpmRestTest       : Starting CamundaBpmRestTest using Java 1.8.0_275 on MacBook-Pro.local with PID 52622 (started by seanmuir in /Users/seanmuir/git/camunda-bpm-examples/spring-boot-starter/example-web)
2021-06-30 10:28:39.896  INFO 52622 --- [           main] o.c.b.s.b.e.web.CamundaBpmRestTest       : No active profile set, falling back to default profiles: default
2021-06-30 10:28:41.292  INFO 52622 --- [           main] o.s.b.w.embedded.tomcat.TomcatWebServer  : Tomcat initialized with port(s): 0 (http)
2021-06-30 10:28:41.303  INFO 52622 --- [           main] o.apache.catalina.core.StandardService   : Starting service [Tomcat]
2021-06-30 10:28:41.303  INFO 52622 --- [           main] org.apache.catalina.core.StandardEngine  : Starting Servlet engine: [Apache Tomcat/9.0.44]
2021-06-30 10:28:41.378  INFO 52622 --- [           main] o.a.c.c.C.[Tomcat].[localhost].[/]       : Initializing Spring embedded WebApplicationContext
2021-06-30 10:28:41.379  INFO 52622 --- [           main] w.s.c.ServletWebServerApplicationContext : Root WebApplicationContext: initialization completed in 1462 ms
2021-06-30 10:28:41.419  INFO 52622 --- [           main] .c.b.s.b.s.r.CamundaJerseyResourceConfig : Configuring camunda rest api.
2021-06-30 10:28:41.447  INFO 52622 --- [           main] .c.b.s.b.s.r.CamundaJerseyResourceConfig : Finished configuring camunda rest api.
2021-06-30 10:28:42.221  INFO 52622 --- [           main] o.s.s.web.DefaultSecurityFilterChain     : Will secure any request with [org.springframework.security.web.context.request.async.WebAsyncManagerIntegrationFilter@467233e4, org.springframework.security.web.context.SecurityContextPersistenceFilter@7c5d1d25, org.springframework.security.web.header.HeaderWriterFilter@4a44cfc0, org.springframework.security.web.csrf.CsrfFilter@7885776b, org.springframework.security.web.authentication.logout.LogoutFilter@59b32539, org.springframework.security.web.savedrequest.RequestCacheAwareFilter@3f96f020, org.springframework.security.web.servletapi.SecurityContextHolderAwareRequestFilter@483b0690, org.springframework.security.web.authentication.AnonymousAuthenticationFilter@427a12b6, org.springframework.security.web.session.SessionManagementFilter@10272bbb, org.springframework.security.web.access.ExceptionTranslationFilter@1d06f16f, org.springframework.security.web.access.intercept.FilterSecurityInterceptor@5a97b17c]
2021-06-30 10:28:42.398  INFO 52622 --- [           main] o.s.j.d.e.EmbeddedDatabaseFactory        : Starting embedded database: url=&apos;jdbc:h2:mem:703f8a08-05ac-4cb0-ad29-b79ffc920804;DB_CLOSE_DELAY=-1;DB_CLOSE_ON_EXIT=false&apos;, username=&apos;sa&apos;
2021-06-30 10:28:42.689  INFO 52622 --- [           main] org.camunda.bpm.spring.boot              : STARTER-SB040 Setting up jobExecutor with corePoolSize=3, maxPoolSize:10
2021-06-30 10:28:42.700  INFO 52622 --- [           main] o.s.s.concurrent.ThreadPoolTaskExecutor  : Initializing ExecutorService &apos;camundaTaskExecutor&apos;
2021-06-30 10:28:42.838  INFO 52622 --- [           main] org.camunda.bpm.engine.cfg               : ENGINE-12003 Plugin &apos;CompositeProcessEnginePlugin[genericPropertiesConfiguration, camundaProcessEngineConfiguration, camundaDatasourceConfiguration, camundaJobConfiguration, camundaHistoryConfiguration, camundaMetricsConfiguration, camundaAuthorizationConfiguration, failedJobConfiguration, disableDeploymentResourcePattern, eventPublisherPlugin]&apos; activated on process engine &apos;default&apos;
2021-06-30 10:28:42.845  INFO 52622 --- [           main] org.camunda.bpm.spring.boot              : STARTER-SB020 ProcessApplication enabled: autoDeployment via springConfiguration#deploymentResourcePattern is disabled
2021-06-30 10:28:42.848  INFO 52622 --- [           main] o.c.b.s.b.s.event.EventPublisherPlugin   : EVENTING-001: Initialized Camunda Spring Boot Eventing Engine Plugin.
2021-06-30 10:28:42.848  INFO 52622 --- [           main] o.c.b.s.b.s.event.EventPublisherPlugin   : EVENTING-003: Task events will be published as Spring Events.
2021-06-30 10:28:42.849  INFO 52622 --- [           main] o.c.b.s.b.s.event.EventPublisherPlugin   : EVENTING-005: Execution events will be published as Spring Events.
2021-06-30 10:28:42.851  INFO 52622 --- [           main] o.c.b.s.b.s.event.EventPublisherPlugin   : EVENTING-007: History events will be published as Spring events.
2021-06-30 10:28:43.188  INFO 52622 --- [           main] org.camunda.feel.FeelEngine              : Engine created. [value-mapper: CompositeValueMapper(List(org.camunda.feel.impl.JavaValueMapper@31ab1e67)), function-provider: org.camunda.bpm.dmn.feel.impl.scala.function.CustomFunctionTransformer@5ea7bc4, clock: SystemClock, configuration: Configuration(false)]
2021-06-30 10:28:45.476  INFO 52622 --- [           main] org.camunda.bpm.connect                  : CNCT-01004 Discovered provider for connector id &apos;http-connector&apos; and class &apos;org.camunda.connect.httpclient.impl.HttpConnectorImpl&apos;: &apos;org.camunda.connect.httpclient.impl.HttpConnectorProviderImpl&apos;
2021-06-30 10:28:45.479  INFO 52622 --- [           main] org.camunda.bpm.connect                  : CNCT-01004 Discovered provider for connector id &apos;soap-http-connector&apos; and class &apos;org.camunda.connect.httpclient.soap.impl.SoapHttpConnectorImpl&apos;: &apos;org.camunda.connect.httpclient.soap.impl.SoapHttpConnectorProviderImpl&apos;
2021-06-30 10:28:45.641  INFO 52622 --- [           main] org.camunda.bpm.engine.persistence       : ENGINE-03016 Performing database operation &apos;create&apos; on component &apos;engine&apos; with resource &apos;org/camunda/bpm/engine/db/create/activiti.h2.create.engine.sql&apos;
2021-06-30 10:28:45.674  INFO 52622 --- [           main] org.camunda.bpm.engine.persistence       : ENGINE-03016 Performing database operation &apos;create&apos; on component &apos;history&apos; with resource &apos;org/camunda/bpm/engine/db/create/activiti.h2.create.history.sql&apos;
2021-06-30 10:28:45.689  INFO 52622 --- [           main] org.camunda.bpm.engine.persistence       : ENGINE-03016 Performing database operation &apos;create&apos; on component &apos;identity&apos; with resource &apos;org/camunda/bpm/engine/db/create/activiti.h2.create.identity.sql&apos;
2021-06-30 10:28:45.705  INFO 52622 --- [           main] org.camunda.bpm.engine.persistence       : ENGINE-03016 Performing database operation &apos;create&apos; on component &apos;case.engine&apos; with resource &apos;org/camunda/bpm/engine/db/create/activiti.h2.create.case.engine.sql&apos;
2021-06-30 10:28:45.710  INFO 52622 --- [           main] org.camunda.bpm.engine.persistence       : ENGINE-03016 Performing database operation &apos;create&apos; on component &apos;case.history&apos; with resource &apos;org/camunda/bpm/engine/db/create/activiti.h2.create.case.history.sql&apos;
2021-06-30 10:28:45.718  INFO 52622 --- [           main] org.camunda.bpm.engine.persistence       : ENGINE-03016 Performing database operation &apos;create&apos; on component &apos;decision.engine&apos; with resource &apos;org/camunda/bpm/engine/db/create/activiti.h2.create.decision.engine.sql&apos;
2021-06-30 10:28:45.726  INFO 52622 --- [           main] org.camunda.bpm.engine.persistence       : ENGINE-03016 Performing database operation &apos;create&apos; on component &apos;decision.history&apos; with resource &apos;org/camunda/bpm/engine/db/create/activiti.h2.create.decision.history.sql&apos;
2021-06-30 10:28:45.747  INFO 52622 --- [           main] org.camunda.bpm.engine.persistence       : ENGINE-03067 No history level property found in database
2021-06-30 10:28:45.747  INFO 52622 --- [           main] org.camunda.bpm.engine.persistence       : ENGINE-03065 Creating historyLevel property in database for level: HistoryLevelFull(name=full, id=3)
2021-06-30 10:28:45.786  INFO 52622 --- [           main] org.camunda.bpm.engine                   : ENGINE-00001 Process Engine default created.
2021-06-30 10:28:46.375  INFO 52622 --- [           main] o.s.b.a.e.web.EndpointLinksResolver      : Exposing 2 endpoint(s) beneath base path &apos;/actuator&apos;
2021-06-30 10:28:46.457  INFO 52622 --- [           main] o.s.b.w.embedded.tomcat.TomcatWebServer  : Tomcat started on port(s): 54656 (http) with context path &apos;&apos;
2021-06-30 10:28:46.535  INFO 52622 --- [           main] org.camunda.bpm.container                : ENGINE-08024 Found processes.xml file at file:/Users/seanmuir/git/camunda-bpm-examples/spring-boot-starter/example-web/target/classes/META-INF/processes.xml
2021-06-30 10:28:46.536  INFO 52622 --- [           main] org.camunda.bpm.container                : ENGINE-08025 Detected empty processes.xml file, using default values
2021-06-30 10:28:46.543  INFO 52622 --- [           main] org.camunda.bpm.container                : ENGINE-08023 Deployment summary for process archive &apos;restApplication&apos;: 

        bpmn/RestCallExampleProcess.bpmn
        bpmn/sample.bpmn

2021-06-30 10:28:46.788  INFO 52622 --- [           main] org.camunda.bpm.application              : ENGINE-07021 ProcessApplication &apos;restApplication&apos; registered for DB deployments [7ab2944f-d9af-11eb-8325-1a36fff1f821]. Will execute process definitions 

        RestCallExampleProcess[version: 1, id: RestCallExampleProcess:1:7acf1d02-d9af-11eb-8325-1a36fff1f821]
        Sample[version: 1, id: Sample:1:7acf9233-d9af-11eb-8325-1a36fff1f821]
Deployment does not provide any case definitions.
2021-06-30 10:28:46.799  INFO 52622 --- [           main] org.camunda.bpm.container                : ENGINE-08050 Process application restApplication successfully deployed
2021-06-30 10:28:46.803  INFO 52622 --- [           main] o.c.b.s.b.e.web.CamundaBpmRestTest       : Started CamundaBpmRestTest in 7.429 seconds (JVM running for 8.43)
2021-06-30 10:28:46.810  INFO 52622 --- [           main] org.camunda.bpm.engine.jobexecutor       : ENGINE-14014 Starting up the JobExecutor[org.camunda.bpm.engine.spring.components.jobexecutor.SpringJobExecutor].
2021-06-30 10:28:46.811  INFO 52622 --- [ingJobExecutor]] org.camunda.bpm.engine.jobexecutor       : ENGINE-14018 JobExecutor[org.camunda.bpm.engine.spring.components.jobexecutor.SpringJobExecutor] starting to acquire jobs
</system-out>
  </testcase>
</testsuite>